TN:
SF:src/server.ts
FN:26,(anonymous_0)
FN:59,(anonymous_1)
FN:78,(anonymous_2)
FN:80,(anonymous_3)
FN:102,(anonymous_4)
FN:147,(anonymous_5)
FN:163,(anonymous_6)
FN:185,(anonymous_7)
FN:186,(anonymous_8)
FN:195,(anonymous_9)
FN:201,(anonymous_10)
FN:205,(anonymous_11)
FN:211,(anonymous_12)
FN:212,(anonymous_13)
FN:215,(anonymous_14)
FN:230,(anonymous_15)
FN:241,(anonymous_16)
FN:250,(anonymous_17)
FNF:18
FNH:0
FNDA:0,(anonymous_0)
FNDA:0,(anonymous_1)
FNDA:0,(anonymous_2)
FNDA:0,(anonymous_3)
FNDA:0,(anonymous_4)
FNDA:0,(anonymous_5)
FNDA:0,(anonymous_6)
FNDA:0,(anonymous_7)
FNDA:0,(anonymous_8)
FNDA:0,(anonymous_9)
FNDA:0,(anonymous_10)
FNDA:0,(anonymous_11)
FNDA:0,(anonymous_12)
FNDA:0,(anonymous_13)
FNDA:0,(anonymous_14)
FNDA:0,(anonymous_15)
FNDA:0,(anonymous_16)
FNDA:0,(anonymous_17)
DA:24,0
DA:27,0
DA:28,0
DA:29,0
DA:37,0
DA:49,0
DA:50,0
DA:51,0
DA:53,0
DA:62,0
DA:65,0
DA:66,0
DA:67,0
DA:69,0
DA:74,0
DA:80,0
DA:81,0
DA:84,0
DA:86,0
DA:102,0
DA:103,0
DA:106,0
DA:107,0
DA:111,0
DA:112,0
DA:121,0
DA:123,0
DA:128,0
DA:144,0
DA:150,0
DA:151,0
DA:153,0
DA:164,0
DA:167,0
DA:169,0
DA:182,0
DA:186,0
DA:187,0
DA:188,0
DA:189,0
DA:192,0
DA:193,0
DA:195,0
DA:196,0
DA:197,0
DA:200,0
DA:202,0
DA:203,0
DA:206,0
DA:207,0
DA:211,0
DA:212,0
DA:216,0
DA:217,0
DA:218,0
DA:220,0
DA:225,0
DA:226,0
DA:231,0
DA:232,0
DA:233,0
DA:234,0
DA:236,0
DA:237,0
DA:242,0
DA:247,0
DA:248,0
DA:250,0
DA:251,0
DA:252,0
LF:70
LH:0
BRDA:26,0,0,0
BRDA:106,1,0,0
BRDA:170,2,0,0
BRDA:170,2,1,0
BRDA:187,3,0,0
BRDA:247,4,0,0
BRF:6
BRH:0
end_of_record
TN:
SF:src/httpcraft/cli-simple.ts
FN:22,(anonymous_0)
FN:44,(anonymous_1)
FN:58,(anonymous_2)
FN:66,(anonymous_3)
FN:70,(anonymous_4)
FN:74,(anonymous_5)
FN:83,(anonymous_6)
FN:97,(anonymous_7)
FN:109,(anonymous_8)
FNF:9
FNH:0
FNDA:0,(anonymous_0)
FNDA:0,(anonymous_1)
FNDA:0,(anonymous_2)
FNDA:0,(anonymous_3)
FNDA:0,(anonymous_4)
FNDA:0,(anonymous_5)
FNDA:0,(anonymous_6)
FNDA:0,(anonymous_7)
FNDA:0,(anonymous_8)
DA:24,0
DA:25,0
DA:26,0
DA:27,0
DA:34,0
DA:35,0
DA:37,0
DA:45,0
DA:46,0
DA:47,0
DA:48,0
DA:55,0
DA:58,0
DA:59,0
DA:63,0
DA:64,0
DA:66,0
DA:67,0
DA:70,0
DA:71,0
DA:74,0
DA:75,0
DA:83,0
DA:84,0
DA:98,0
DA:99,0
DA:100,0
DA:102,0
DA:110,0
DA:111,0
DA:112,0
DA:114,0
LF:32
LH:0
BRDA:24,0,0,0
BRDA:45,1,0,0
BRDA:47,2,0,0
BRDA:79,3,0,0
BRDA:79,3,1,0
BRDA:99,4,0,0
BRDA:99,4,1,0
BRDA:102,5,0,0
BRDA:102,5,1,0
BRF:9
BRH:0
end_of_record
TN:
SF:src/httpcraft/cli.ts
FN:28,(anonymous_0)
FN:35,(anonymous_1)
FN:91,(anonymous_2)
FN:111,(anonymous_3)
FN:124,(anonymous_4)
FN:162,(anonymous_5)
FN:169,(anonymous_6)
FNF:7
FNH:0
FNDA:0,(anonymous_0)
FNDA:0,(anonymous_1)
FNDA:0,(anonymous_2)
FNDA:0,(anonymous_3)
FNDA:0,(anonymous_4)
FNDA:0,(anonymous_5)
FNDA:0,(anonymous_6)
DA:29,0
DA:39,0
DA:45,0
DA:46,0
DA:47,0
DA:48,0
DA:53,0
DA:56,0
DA:62,0
DA:63,0
DA:69,0
DA:77,0
DA:85,0
DA:92,0
DA:94,0
DA:95,0
DA:96,0
DA:102,0
DA:103,0
DA:105,0
DA:112,0
DA:113,0
DA:114,0
DA:116,0
DA:117,0
DA:128,0
DA:130,0
DA:131,0
DA:134,0
DA:135,0
DA:141,0
DA:142,0
DA:143,0
DA:145,0
DA:150,0
DA:163,0
DA:170,0
DA:171,0
LF:38
LH:0
BRDA:37,0,0,0
BRDA:45,1,0,0
BRDA:47,2,0,0
BRDA:57,3,0,0
BRDA:57,3,1,0
BRDA:58,4,0,0
BRDA:58,4,1,0
BRDA:62,5,0,0
BRDA:95,6,0,0
BRDA:126,7,0,0
BRDA:130,8,0,0
BRDA:134,9,0,0
BRDA:137,10,0,0
BRDA:137,10,1,0
BRF:14
BRH:0
end_of_record
TN:
SF:src/httpcraft/config.ts
FN:28,(anonymous_0)
FN:83,(anonymous_1)
FN:127,(anonymous_2)
FN:162,(anonymous_3)
FNF:4
FNH:0
FNDA:0,(anonymous_0)
FNDA:0,(anonymous_1)
FNDA:0,(anonymous_2)
FNDA:0,(anonymous_3)
DA:29,0
DA:32,0
DA:33,0
DA:34,0
DA:35,0
DA:36,0
DA:37,0
DA:39,0
DA:46,0
DA:47,0
DA:48,0
DA:49,0
DA:50,0
DA:54,0
DA:62,0
DA:64,0
DA:65,0
DA:66,0
DA:67,0
DA:71,0
DA:72,0
DA:84,0
DA:86,0
DA:104,0
DA:106,0
DA:107,0
DA:108,0
DA:109,0
DA:110,0
DA:116,0
DA:121,0
DA:128,0
DA:129,0
DA:130,0
DA:133,0
DA:135,0
DA:136,0
DA:137,0
DA:140,0
DA:141,0
DA:142,0
DA:145,0
DA:150,0
DA:151,0
DA:156,0
DA:163,0
DA:164,0
LF:47
LH:0
BRDA:33,0,0,0
BRDA:35,1,0,0
BRDA:35,1,1,0
BRDA:48,2,0,0
BRDA:65,3,0,0
BRDA:128,4,0,0
BRDA:136,5,0,0
BRDA:141,6,0,0
BRF:8
BRH:0
end_of_record
TN:
SF:src/httpcraft/parser.ts
FN:68,(anonymous_0)
FN:125,(anonymous_1)
FN:155,(anonymous_2)
FN:206,(anonymous_3)
FN:207,(anonymous_4)
FN:232,(anonymous_5)
FN:256,(anonymous_6)
FN:279,(anonymous_7)
FN:309,(anonymous_8)
FN:317,(anonymous_9)
FN:330,(anonymous_10)
FN:349,(anonymous_11)
FN:356,(anonymous_12)
FN:391,(anonymous_13)
FN:413,(anonymous_14)
FN:440,(anonymous_15)
FN:454,(anonymous_16)
FN:493,(anonymous_17)
FN:509,(anonymous_18)
FNF:19
FNH:0
FNDA:0,(anonymous_0)
FNDA:0,(anonymous_1)
FNDA:0,(anonymous_2)
FNDA:0,(anonymous_3)
FNDA:0,(anonymous_4)
FNDA:0,(anonymous_5)
FNDA:0,(anonymous_6)
FNDA:0,(anonymous_7)
FNDA:0,(anonymous_8)
FNDA:0,(anonymous_9)
FNDA:0,(anonymous_10)
FNDA:0,(anonymous_11)
FNDA:0,(anonymous_12)
FNDA:0,(anonymous_13)
FNDA:0,(anonymous_14)
FNDA:0,(anonymous_15)
FNDA:0,(anonymous_16)
FNDA:0,(anonymous_17)
FNDA:0,(anonymous_18)
DA:31,0
DA:59,0
DA:69,0
DA:75,0
DA:81,0
DA:82,0
DA:83,0
DA:93,0
DA:94,0
DA:95,0
DA:105,0
DA:106,0
DA:107,0
DA:113,0
DA:126,0
DA:129,0
DA:130,0
DA:135,0
DA:142,0
DA:143,0
DA:144,0
DA:148,0
DA:149,0
DA:156,0
DA:157,0
DA:160,0
DA:161,0
DA:162,0
DA:163,0
DA:166,0
DA:173,0
DA:175,0
DA:191,0
DA:193,0
DA:196,0
DA:207,0
DA:210,0
DA:213,0
DA:216,0
DA:218,0
DA:233,0
DA:240,0
DA:241,0
DA:242,0
DA:243,0
DA:244,0
DA:245,0
DA:250,0
DA:257,0
DA:258,0
DA:261,0
DA:262,0
DA:263,0
DA:266,0
DA:267,0
DA:270,0
DA:273,0
DA:281,0
DA:282,0
DA:283,0
DA:284,0
DA:285,0
DA:293,0
DA:294,0
DA:295,0
DA:296,0
DA:303,0
DA:311,0
DA:318,0
DA:320,0
DA:321,0
DA:324,0
DA:331,0
DA:341,0
DA:342,0
DA:343,0
DA:344,0
DA:349,0
DA:350,0
DA:357,0
DA:360,0
DA:361,0
DA:362,0
DA:367,0
DA:368,0
DA:369,0
DA:370,0
DA:376,0
DA:377,0
DA:378,0
DA:382,0
DA:392,0
DA:394,0
DA:395,0
DA:396,0
DA:400,0
DA:402,0
DA:403,0
DA:414,0
DA:415,0
DA:416,0
DA:418,0
DA:430,0
DA:442,0
DA:448,0
DA:449,0
DA:450,0
DA:454,0
DA:455,0
DA:456,0
DA:457,0
DA:458,0
DA:459,0
DA:460,0
DA:461,0
DA:463,0
DA:464,0
DA:470,0
DA:476,0
DA:494,0
DA:495,0
DA:498,0
DA:499,0
DA:501,0
DA:502,0
DA:510,0
DA:511,0
DA:515,0
LF:128
LH:0
BRDA:81,0,0,0
BRDA:93,1,0,0
BRDA:106,2,0,0
BRDA:125,3,0,0
BRDA:129,4,0,0
BRDA:143,5,0,0
BRDA:160,6,0,0
BRDA:162,7,0,0
BRDA:177,8,0,0
BRDA:177,8,1,0
BRDA:178,9,0,0
BRDA:178,9,1,0
BRDA:181,10,0,0
BRDA:181,10,1,0
BRDA:181,10,2,0
BRDA:242,11,0,0
BRDA:244,12,0,0
BRDA:244,13,0,0
BRDA:244,13,1,0
BRDA:266,14,0,0
BRDA:266,15,0,0
BRDA:266,15,1,0
BRDA:283,16,0,0
BRDA:283,17,0,0
BRDA:283,17,1,0
BRDA:294,18,0,0
BRDA:311,19,0,0
BRDA:311,19,1,0
BRDA:311,19,2,0
BRDA:343,20,0,0
BRDA:350,21,0,0
BRDA:350,21,1,0
BRDA:360,22,0,0
BRDA:361,23,0,0
BRDA:361,24,0,0
BRDA:361,24,1,0
BRDA:367,25,0,0
BRDA:369,26,0,0
BRDA:369,27,0,0
BRDA:369,27,1,0
BRDA:376,28,0,0
BRDA:377,29,0,0
BRDA:395,30,0,0
BRDA:449,31,0,0
BRDA:454,32,0,0
BRDA:454,32,1,0
BRDA:455,33,0,0
BRDA:459,34,0,0
BRDA:459,35,0,0
BRDA:459,35,1,0
BRDA:463,36,0,0
BRDA:473,37,0,0
BRDA:473,37,1,0
BRDA:483,38,0,0
BRDA:483,38,1,0
BRDA:494,39,0,0
BRDA:494,40,0,0
BRDA:494,40,1,0
BRDA:510,41,0,0
BRDA:511,42,0,0
BRDA:511,42,1,0
BRF:61
BRH:0
end_of_record
TN:
SF:src/schemas/tools.ts
FNF:0
FNH:0
DA:12,0
DA:23,0
DA:26,0
DA:30,0
DA:34,0
DA:40,0
DA:67,0
DA:99,0
DA:121,0
DA:125,0
DA:133,0
DA:137,0
DA:144,0
DA:150,0
DA:167,0
DA:179,0
LF:16
LH:0
BRF:0
BRH:0
end_of_record
TN:
SF:src/tools/base.ts
FN:34,(anonymous_0)
FN:41,(anonymous_1)
FN:52,(anonymous_2)
FN:100,(anonymous_3)
FN:105,(anonymous_4)
FN:115,(anonymous_5)
FN:132,(anonymous_6)
FN:153,(anonymous_7)
FNF:8
FNH:0
FNDA:0,(anonymous_0)
FNDA:0,(anonymous_1)
FNDA:0,(anonymous_2)
FNDA:0,(anonymous_3)
FNDA:0,(anonymous_4)
FNDA:0,(anonymous_5)
FNDA:0,(anonymous_6)
FNDA:0,(anonymous_7)
DA:35,0
DA:42,0
DA:56,0
DA:58,0
DA:59,0
DA:65,0
DA:68,0
DA:70,0
DA:71,0
DA:76,0
DA:78,0
DA:79,0
DA:85,0
DA:101,0
DA:102,0
DA:104,0
DA:105,0
DA:106,0
DA:108,0
DA:116,0
DA:117,0
DA:133,0
DA:134,0
DA:156,0
DA:157,0
DA:158,0
DA:159,0
DA:161,0
DA:162,0
DA:163,0
DA:164,0
DA:165,0
DA:167,0
DA:168,0
DA:169,0
DA:170,0
DA:172,0
DA:173,0
DA:174,0
DA:175,0
DA:177,0
DA:179,0
DA:181,0
DA:185,0
DA:186,0
DA:190,0
DA:197,0
LF:47
LH:0
BRDA:54,0,0,0
BRDA:80,1,0,0
BRDA:80,1,1,0
BRDA:83,2,0,0
BRDA:83,2,1,0
BRDA:104,3,0,0
BRDA:115,4,0,0
BRDA:116,5,0,0
BRDA:116,5,1,0
BRDA:133,6,0,0
BRDA:133,6,1,0
BRDA:156,7,0,0
BRDA:162,8,0,0
BRDA:162,8,1,0
BRDA:164,9,0,0
BRDA:167,10,0,0
BRDA:167,10,1,0
BRDA:169,11,0,0
BRDA:172,12,0,0
BRDA:172,12,1,0
BRDA:174,13,0,0
BRDA:177,14,0,0
BRDA:177,14,1,0
BRDA:185,15,0,0
BRF:24
BRH:0
end_of_record
TN:
SF:src/tools/execute-api.ts
FN:17,(anonymous_0)
FN:21,(anonymous_1)
FN:90,(anonymous_2)
FN:125,(anonymous_3)
FNF:4
FNH:0
FNDA:0,(anonymous_0)
FNDA:0,(anonymous_1)
FNDA:0,(anonymous_2)
FNDA:0,(anonymous_3)
DA:13,0
DA:14,0
DA:15,0
DA:18,0
DA:25,0
DA:33,0
DA:36,0
DA:40,0
DA:41,0
DA:46,0
DA:53,0
DA:56,0
DA:57,0
DA:58,0
DA:64,0
DA:72,0
DA:73,0
DA:75,0
DA:81,0
DA:91,0
DA:94,0
DA:97,0
DA:100,0
DA:101,0
DA:105,0
DA:106,0
DA:107,0
DA:112,0
DA:113,0
DA:117,0
DA:119,0
DA:126,0
DA:127,0
DA:129,0
DA:131,0
DA:132,0
DA:137,0
DA:142,0
DA:145,0
DA:146,0
DA:147,0
DA:153,0
DA:159,0
LF:43
LH:0
BRDA:37,0,0,0
BRDA:37,0,1,0
BRDA:37,0,2,0
BRDA:40,1,0,0
BRDA:47,2,0,0
BRDA:47,2,1,0
BRDA:56,3,0,0
BRDA:100,4,0,0
BRDA:105,5,0,0
BRDA:105,6,0,0
BRDA:105,6,1,0
BRDA:112,7,0,0
BRDA:131,8,0,0
BRDA:146,9,0,0
BRF:14
BRH:0
end_of_record
TN:
SF:src/tools/execute-request.ts
FN:17,(anonymous_0)
FN:21,(anonymous_1)
FN:91,(anonymous_2)
FN:148,(anonymous_3)
FNF:4
FNH:0
FNDA:0,(anonymous_0)
FNDA:0,(anonymous_1)
FNDA:0,(anonymous_2)
FNDA:0,(anonymous_3)
DA:13,0
DA:14,0
DA:15,0
DA:18,0
DA:25,0
DA:34,0
DA:37,0
DA:41,0
DA:42,0
DA:47,0
DA:54,0
DA:57,0
DA:58,0
DA:59,0
DA:65,0
DA:73,0
DA:74,0
DA:76,0
DA:82,0
DA:92,0
DA:95,0
DA:98,0
DA:101,0
DA:102,0
DA:103,0
DA:108,0
DA:109,0
DA:113,0
DA:114,0
DA:118,0
DA:119,0
DA:120,0
DA:125,0
DA:126,0
DA:130,0
DA:131,0
DA:135,0
DA:136,0
DA:140,0
DA:142,0
DA:149,0
DA:150,0
DA:152,0
DA:154,0
DA:155,0
DA:160,0
DA:165,0
DA:168,0
DA:169,0
DA:170,0
DA:176,0
DA:182,0
LF:52
LH:0
BRDA:38,0,0,0
BRDA:38,0,1,0
BRDA:38,0,2,0
BRDA:41,1,0,0
BRDA:48,2,0,0
BRDA:48,2,1,0
BRDA:57,3,0,0
BRDA:101,4,0,0
BRDA:101,5,0,0
BRDA:101,5,1,0
BRDA:108,6,0,0
BRDA:113,7,0,0
BRDA:118,8,0,0
BRDA:118,9,0,0
BRDA:118,9,1,0
BRDA:125,10,0,0
BRDA:130,11,0,0
BRDA:135,12,0,0
BRDA:154,13,0,0
BRDA:169,14,0,0
BRF:20
BRH:0
end_of_record
TN:
SF:src/tools/registry.ts
FN:16,(anonymous_0)
FN:28,(anonymous_1)
FN:39,(anonymous_2)
FN:46,(anonymous_3)
FN:53,(anonymous_4)
FN:54,(anonymous_5)
FN:60,(anonymous_6)
FN:76,(anonymous_7)
FN:83,(anonymous_8)
FN:90,(anonymous_9)
FN:99,(anonymous_10)
FNF:11
FNH:0
FNDA:0,(anonymous_0)
FNDA:0,(anonymous_1)
FNDA:0,(anonymous_2)
FNDA:0,(anonymous_3)
FNDA:0,(anonymous_4)
FNDA:0,(anonymous_5)
FNDA:0,(anonymous_6)
FNDA:0,(anonymous_7)
FNDA:0,(anonymous_8)
FNDA:0,(anonymous_9)
FNDA:0,(anonymous_10)
DA:11,0
DA:17,0
DA:18,0
DA:21,0
DA:22,0
DA:29,0
DA:30,0
DA:31,0
DA:33,0
DA:40,0
DA:47,0
DA:54,0
DA:65,0
DA:66,0
DA:67,0
DA:70,0
DA:77,0
DA:84,0
DA:91,0
DA:92,0
DA:93,0
DA:100,0
DA:105,0
LF:23
LH:0
BRDA:17,0,0,0
BRDA:30,1,0,0
BRDA:66,2,0,0
BRF:3
BRH:0
end_of_record
TN:
SF:src/utils/logger.ts
FN:10,(anonymous_0)
FN:14,(anonymous_1)
FN:18,(anonymous_2)
FN:22,(anonymous_3)
FN:26,(anonymous_4)
FN:30,(anonymous_5)
FN:66,(anonymous_6)
FN:72,createLogger
FNF:8
FNH:0
FNDA:0,(anonymous_0)
FNDA:0,(anonymous_1)
FNDA:0,(anonymous_2)
FNDA:0,(anonymous_3)
FNDA:0,(anonymous_4)
FNDA:0,(anonymous_5)
FNDA:0,(anonymous_6)
FNDA:0,createLogger
DA:11,0
DA:15,0
DA:19,0
DA:23,0
DA:27,0
DA:36,0
DA:45,0
DA:47,0
DA:49,0
DA:50,0
DA:52,0
DA:53,0
DA:55,0
DA:56,0
DA:58,0
DA:59,0
DA:60,0
DA:62,0
DA:67,0
DA:68,0
DA:73,0
DA:76,0
LF:22
LH:0
BRDA:47,0,0,0
BRDA:47,0,1,0
BRDA:47,0,2,0
BRDA:47,0,3,0
BRDA:59,1,0,0
BRDA:67,2,0,0
BRDA:67,2,1,0
BRF:7
BRH:0
end_of_record
TN:
SF:src/utils/process.ts
FN:27,executeCommand
FN:47,(anonymous_1)
FN:59,(anonymous_2)
FN:66,(anonymous_3)
FN:76,(anonymous_4)
FN:91,(anonymous_5)
FN:106,(anonymous_6)
FN:148,(anonymous_7)
FN:161,checkExecutableExists
FN:170,findExecutableInPath
FNF:10
FNH:0
FNDA:0,executeCommand
FNDA:0,(anonymous_1)
FNDA:0,(anonymous_2)
FNDA:0,(anonymous_3)
FNDA:0,(anonymous_4)
FNDA:0,(anonymous_5)
FNDA:0,(anonymous_6)
FNDA:0,(anonymous_7)
FNDA:0,checkExecutableExists
FNDA:0,findExecutableInPath
DA:32,0
DA:38,0
DA:40,0
DA:47,0
DA:48,0
DA:49,0
DA:50,0
DA:52,0
DA:59,0
DA:60,0
DA:61,0
DA:62,0
DA:63,0
DA:66,0
DA:67,0
DA:68,0
DA:69,0
DA:76,0
DA:77,0
DA:78,0
DA:80,0
DA:81,0
DA:86,0
DA:91,0
DA:92,0
DA:93,0
DA:95,0
DA:96,0
DA:101,0
DA:106,0
DA:107,0
DA:108,0
DA:110,0
DA:111,0
DA:115,0
DA:118,0
DA:126,0
DA:135,0
DA:136,0
DA:138,0
DA:148,0
DA:149,0
DA:150,0
DA:152,0
DA:153,0
DA:162,0
DA:163,0
DA:164,0
DA:166,0
DA:171,0
DA:172,0
DA:174,0
LF:52
LH:0
BRDA:30,0,0,0
BRDA:34,1,0,0
BRDA:35,2,0,0
BRDA:36,3,0,0
BRDA:37,4,0,0
BRDA:60,5,0,0
BRDA:67,6,0,0
BRDA:80,7,0,0
BRDA:95,8,0,0
BRDA:110,9,0,0
BRDA:121,10,0,0
BRDA:121,10,1,0
BRDA:122,11,0,0
BRDA:122,11,1,0
BRDA:135,12,0,0
BRDA:135,12,1,0
BRDA:141,13,0,0
BRDA:141,13,1,0
BRF:18
BRH:0
end_of_record
TN:
SF:src/utils/response.ts
FN:12,formatHttpResponse
FN:34,formatChainResponse
FN:42,(anonymous_2)
FN:45,(anonymous_3)
FN:62,formatDiscoveryResponse
FN:82,formatErrorResponse
FN:112,formatTextResponse
FN:127,formatDataResponse
FN:145,formatValidationError
FN:167,formatHttpCraftError
FN:195,extractHttpCraftError
FNF:11
FNH:0
FNDA:0,formatHttpResponse
FNDA:0,formatChainResponse
FNDA:0,(anonymous_2)
FNDA:0,(anonymous_3)
FNDA:0,formatDiscoveryResponse
FNDA:0,formatErrorResponse
FNDA:0,formatTextResponse
FNDA:0,formatDataResponse
FNDA:0,formatValidationError
FNDA:0,formatHttpCraftError
FNDA:0,extractHttpCraftError
DA:13,0
DA:35,0
DA:42,0
DA:45,0
DA:63,0
DA:90,0
DA:92,0
DA:113,0
DA:128,0
DA:130,0
DA:146,0
DA:172,0
DA:197,0
DA:204,0
DA:205,0
DA:206,0
DA:207,0
DA:212,0
LF:18
LH:0
BRDA:90,0,0,0
BRDA:90,0,1,0
BRDA:112,1,0,0
BRDA:127,2,0,0
BRDA:128,3,0,0
BRDA:128,3,1,0
BRDA:135,4,0,0
BRDA:135,4,1,0
BRDA:206,5,0,0
BRDA:212,6,0,0
BRDA:212,6,1,0
BRF:11
BRH:0
end_of_record
